<?xml version="1.0" encoding="UTF-8"?>
<!-- Generated by org.testng.reporters.JUnitXMLReporter -->
<testsuite ignored="0" hostname="INLTWS000025" failures="1" tests="1" name="Test" time="2.48" errors="0" timestamp="2021-10-26T22:37:19 IST">
  <testcase classname="com.ApertaWebApp_Automate.TestCases.TC_WebBalancerTest_004" name="wbal" time="0.01">
    <failure type="java.lang.NullPointerException" message="Cannot invoke &amp;quot;org.openqa.selenium.WebDriver.getWindowHandles()&amp;quot; because &amp;quot;this.driver&amp;quot; is null">
      <![CDATA[java.lang.NullPointerException: Cannot invoke "org.openqa.selenium.WebDriver.getWindowHandles()" because "this.driver" is null
at com.ApertaWebApp_Automate.PageObjects.WebBalancerPage.checker(WebBalancerPage.java:27)
at com.ApertaWebApp_Automate.TestCases.TC_WebBalancerTest_004.wbal(TC_WebBalancerTest_004.java:27)
at java.base/java.util.ArrayList.forEach(ArrayList.java:1511)
... Removed 28 stack frames]]>
    </failure>
  </testcase> <!-- wbal -->
</testsuite> <!-- Test -->
