<?xml version="1.0" encoding="UTF-8"?>
<testng-results ignored="2" total="4" passed="2" failed="0" skipped="0">
  <reporter-output>
  </reporter-output>
  <suite started-at="2022-01-26T00:10:05 IST" name="Suite" finished-at="2022-01-26T00:10:13 IST" duration-ms="7977">
    <groups>
    </groups>
    <test started-at="2022-01-26T00:10:05 IST" name="Aperta Web Application Testing" finished-at="2022-01-26T00:10:13 IST" duration-ms="7977">
      <class name="com.ApertaWebApp_Automate.TestCases.TC_LoginTest_001">
        <test-method is-config="true" signature="setup()[pri:0, instance:com.ApertaWebApp_Automate.TestCases.TC_LoginTest_001@2d52216b]" started-at="2022-01-26T00:09:58 IST" name="setup" finished-at="2022-01-26T00:10:05 IST" duration-ms="7195" status="PASS">
          <reporter-output>
          </reporter-output>
        </test-method> <!-- setup -->
        <test-method signature="LoginTest()[pri:1, instance:com.ApertaWebApp_Automate.TestCases.TC_LoginTest_001@2d52216b]" started-at="2022-01-26T00:10:05 IST" name="LoginTest" finished-at="2022-01-26T00:10:08 IST" duration-ms="2268" status="PASS">
          <reporter-output>
          </reporter-output>
        </test-method> <!-- LoginTest -->
        <test-method is-config="true" signature="close()[pri:0, instance:com.ApertaWebApp_Automate.TestCases.TC_LoginTest_001@2d52216b]" started-at="2022-01-26T00:10:13 IST" name="close" finished-at="2022-01-26T00:10:16 IST" duration-ms="2216" status="PASS">
          <reporter-output>
          </reporter-output>
        </test-method> <!-- close -->
      </class> <!-- com.ApertaWebApp_Automate.TestCases.TC_LoginTest_001 -->
      <class name="com.ApertaWebApp_Automate.TestCases.TC_DCBTest_002">
        <test-method signature="DCB()[pri:2, instance:com.ApertaWebApp_Automate.TestCases.TC_DCBTest_002@4f80542f]" started-at="2022-01-26T00:10:08 IST" name="DCB" finished-at="2022-01-26T00:10:13 IST" duration-ms="5637" status="PASS">
          <reporter-output>
          </reporter-output>
        </test-method> <!-- DCB -->
      </class> <!-- com.ApertaWebApp_Automate.TestCases.TC_DCBTest_002 -->
    </test> <!-- Aperta Web Application Testing -->
  </suite> <!-- Suite -->
</testng-results>
