<?xml version="1.0" encoding="UTF-8"?>
<testng-results ignored="6" total="10" passed="4" failed="0" skipped="0">
  <reporter-output>
  </reporter-output>
  <suite started-at="2022-03-29T16:02:17 IST" name="Suite" finished-at="2022-03-29T16:02:53 IST" duration-ms="35424">
    <groups>
    </groups>
    <test started-at="2022-03-29T16:02:17 IST" name="Aperta Web Application Testing" finished-at="2022-03-29T16:02:53 IST" duration-ms="35424">
      <class name="com.ApertaWebApp_Automate.TestCases.TC_DCBTest_002">
        <test-method signature="DCB()[pri:2, instance:com.ApertaWebApp_Automate.TestCases.TC_DCBTest_002@52719fb6]" started-at="2022-03-29T16:02:21 IST" name="DCB" finished-at="2022-03-29T16:02:26 IST" duration-ms="5334" status="PASS">
          <reporter-output>
          </reporter-output>
        </test-method> <!-- DCB -->
      </class> <!-- com.ApertaWebApp_Automate.TestCases.TC_DCBTest_002 -->
      <class name="com.ApertaWebApp_Automate.TestCases.TC_LoginTest_001">
        <test-method is-config="true" signature="setup()[pri:0, instance:com.ApertaWebApp_Automate.TestCases.TC_LoginTest_001@2e3967ea]" started-at="2022-03-29T16:01:55 IST" name="setup" finished-at="2022-03-29T16:02:17 IST" duration-ms="21901" status="PASS">
          <reporter-output>
          </reporter-output>
        </test-method> <!-- setup -->
        <test-method signature="LoginTest()[pri:1, instance:com.ApertaWebApp_Automate.TestCases.TC_LoginTest_001@2e3967ea]" started-at="2022-03-29T16:02:17 IST" name="LoginTest" finished-at="2022-03-29T16:02:21 IST" duration-ms="3769" status="PASS">
          <reporter-output>
          </reporter-output>
        </test-method> <!-- LoginTest -->
        <test-method is-config="true" signature="close()[pri:0, instance:com.ApertaWebApp_Automate.TestCases.TC_LoginTest_001@2e3967ea]" started-at="2022-03-29T16:02:53 IST" name="close" finished-at="2022-03-29T16:02:56 IST" duration-ms="2944" status="PASS">
          <reporter-output>
          </reporter-output>
        </test-method> <!-- close -->
      </class> <!-- com.ApertaWebApp_Automate.TestCases.TC_LoginTest_001 -->
      <class name="com.ApertaWebApp_Automate.TestCases.TC_DataEntryTest_003">
        <test-method signature="DCBdataentry()[pri:3, instance:com.ApertaWebApp_Automate.TestCases.TC_DataEntryTest_003@3012646b]" started-at="2022-03-29T16:02:26 IST" name="DCBdataentry" finished-at="2022-03-29T16:02:34 IST" duration-ms="7451" status="PASS">
          <reporter-output>
          </reporter-output>
        </test-method> <!-- DCBdataentry -->
      </class> <!-- com.ApertaWebApp_Automate.TestCases.TC_DataEntryTest_003 -->
      <class name="com.ApertaWebApp_Automate.TestCases.TC_WebBalancerTest_004">
        <test-method signature="WBtest()[pri:4, instance:com.ApertaWebApp_Automate.TestCases.TC_WebBalancerTest_004@4a883b15]" started-at="2022-03-29T16:02:34 IST" name="WBtest" finished-at="2022-03-29T16:02:53 IST" duration-ms="18810" status="PASS">
          <reporter-output>
          </reporter-output>
        </test-method> <!-- WBtest -->
      </class> <!-- com.ApertaWebApp_Automate.TestCases.TC_WebBalancerTest_004 -->
    </test> <!-- Aperta Web Application Testing -->
  </suite> <!-- Suite -->
</testng-results>
