<?xml version="1.0" encoding="UTF-8"?>
<!-- Generated by org.testng.reporters.JUnitXMLReporter -->
<testsuite ignored="0" hostname="INLTWS000025" failures="1" tests="1" name="Test" time="2.284" errors="0" timestamp="2021-10-26T22:37:14 IST">
  <testcase classname="com.ApertaWebApp_Automate.TestCases.TC_DCBTest_002" name="DCB" time="0.005">
    <failure type="java.lang.NullPointerException" message="Cannot invoke &amp;quot;org.openqa.selenium.WebDriver.findElement(org.openqa.selenium.By)&amp;quot; because &amp;quot;this.driver&amp;quot; is null">
      <![CDATA[java.lang.NullPointerException: Cannot invoke "org.openqa.selenium.WebDriver.findElement(org.openqa.selenium.By)" because "this.driver" is null
at com.ApertaWebApp_Automate.PageObjects.DCBPage.dcbtitle(DCBPage.java:20)
at com.ApertaWebApp_Automate.TestCases.TC_DCBTest_002.DCB(TC_DCBTest_002.java:25)
at java.base/java.util.ArrayList.forEach(ArrayList.java:1511)
... Removed 28 stack frames]]>
    </failure>
  </testcase> <!-- DCB -->
</testsuite> <!-- Test -->
