<?xml version="1.0" encoding="UTF-8"?>
<!-- Generated by org.testng.reporters.JUnitXMLReporter -->
<testsuite ignored="0" hostname="INLTWS000025" failures="1" tests="1" name="Test1" time="0.019" errors="0" timestamp="2021-11-09T19:31:40 IST">
  <testcase classname="com.ApertaWebApp_Automate.TestCases.TC_DCBTest_002" name="DCB" time="0.007">
    <failure type="java.lang.NullPointerException">
      <![CDATA[java.lang.NullPointerException
at org.openqa.selenium.support.pagefactory.DefaultElementLocator.findElement(DefaultElementLocator.java:69)
at org.openqa.selenium.support.pagefactory.internal.LocatingElementHandler.invoke(LocatingElementHandler.java:38)
at com.sun.proxy.$Proxy12.click(Unknown Source)
at com.ApertaWebApp_Automate.TestCases.TC_DCBTest_002.dcbopen(TC_DCBTest_002.java:28)
at com.ApertaWebApp_Automate.TestCases.TC_DCBTest_002.DCB(TC_DCBTest_002.java:97)
at java.base/java.util.ArrayList.forEach(ArrayList.java:1541)
... Removed 27 stack frames]]>
    </failure>
  </testcase> <!-- DCB -->
</testsuite> <!-- Test1 -->
