<?xml version="1.0" encoding="UTF-8"?>
<!-- Generated by org.testng.reporters.JUnitXMLReporter -->
<testsuite ignored="0" hostname="INLTWS000025" failures="1" tests="1" name="Test1" time="6.685" errors="0" timestamp="2021-11-08T16:57:05 IST">
  <testcase classname="com.ApertaWebApp_Automate.TestCases.TC_DCBTest_002" name="DCB" time="0.01">
    <failure type="java.lang.NullPointerException">
      <![CDATA[java.lang.NullPointerException
at com.ApertaWebApp_Automate.PageObjects.DCBPage.dcbtitle(DCBPage.java:20)
at com.ApertaWebApp_Automate.TestCases.TC_DCBTest_002.DCB(TC_DCBTest_002.java:30)
at java.base/java.util.ArrayList.forEach(ArrayList.java:1541)
... Removed 27 stack frames]]>
    </failure>
  </testcase> <!-- DCB -->
</testsuite> <!-- Test1 -->
